C:\Program Files (x86)\Far\ClearPluginsCache.bat
C:\Program Files (x86)\Far\RestoreSettings.bat
C:\Program Files (x86)\Far\SaveSettings.bat
C:\Program Files (x86)\Far\file_id.diz
C:\Program Files (x86)\Far\Far.exe
C:\Program Files (x86)\Far\REGISTER.FRM
C:\Program Files (x86)\Far\FarEng.hlf
C:\Program Files (x86)\Far\FarRus.hlf
C:\Program Files (x86)\Far\Far.ico
C:\Program Files (x86)\Far\Descript.ion
C:\Program Files (x86)\Far\FarEng.lng
C:\Program Files (x86)\Far\FarRus.lng
C:\Program Files (x86)\Far\Far.Site.txt
C:\Program Files (x86)\Far\Readme.txt
C:\Program Files (x86)\Far\Register.txt
C:\Program Files (x86)\Far\License.txt
C:\Program Files (x86)\Far\License.xUSSR.txt
C:\Program Files (x86)\Far\Documentation\rus\Descript.ion
C:\Program Files (x86)\Far\Documentation\rus\Arc.Support.txt
C:\Program Files (x86)\Far\Documentation\rus\Bug.Report.txt
C:\Program Files (x86)\Far\Documentation\rus\Far.FAQ.txt
C:\Program Files (x86)\Far\Documentation\rus\Plugins.Install.txt
C:\Program Files (x86)\Far\Documentation\rus\Plugins.Review.txt
C:\Program Files (x86)\Far\Documentation\rus\TechInfo.txt
C:\Program Files (x86)\Far\Documentation\rus\WhatsNew.Api.txt
C:\Program Files (x86)\Far\Documentation\rus\WhatsNew.Plugins.txt
C:\Program Files (x86)\Far\Documentation\rus\WhatsNew.txt
C:\Program Files (x86)\Far\Documentation\eng\Descript.ion
C:\Program Files (x86)\Far\Documentation\eng\Arc.Support.txt
C:\Program Files (x86)\Far\Documentation\eng\Bug.Report.txt
C:\Program Files (x86)\Far\Documentation\eng\Far.FAQ.txt
C:\Program Files (x86)\Far\Documentation\eng\Plugins.Install.txt
C:\Program Files (x86)\Far\Documentation\eng\Plugins.Review.txt
C:\Program Files (x86)\Far\Documentation\eng\TechInfo.txt
C:\Program Files (x86)\Far\Documentation\eng\WhatsNew.Api.txt
C:\Program Files (x86)\Far\Documentation\eng\WhatsNew.Plugins.txt
C:\Program Files (x86)\Far\Documentation\eng\WhatsNew.txt
C:\Program Files (x86)\Far\Addons\Descript.ion
C:\Program Files (x86)\Far\Addons\Readme.txt
C:\Program Files (x86)\Far\Addons\Archivers\Descript.ion
C:\Program Files (x86)\Far\Addons\Archivers\Arj.reg
C:\Program Files (x86)\Far\Addons\Archivers\FarUC2.reg
C:\Program Files (x86)\Far\Addons\Archivers\InfoZIP.reg
C:\Program Files (x86)\Far\Addons\Archivers\LGHA.reg
C:\Program Files (x86)\Far\Addons\Archivers\Lha32.reg
C:\Program Files (x86)\Far\Addons\Archivers\Lha32a.reg
C:\Program Files (x86)\Far\Addons\Archivers\Lha32b.reg
C:\Program Files (x86)\Far\Addons\Archivers\LhArk.reg
C:\Program Files (x86)\Far\Addons\Archivers\PkZip25.reg
C:\Program Files (x86)\Far\Addons\Archivers\PkZip25Dos.reg
C:\Program Files (x86)\Far\Addons\Archivers\Rar20.reg
C:\Program Files (x86)\Far\Addons\Archivers\WinZipCL.reg
C:\Program Files (x86)\Far\Addons\Colors\export_colors.bat
C:\Program Files (x86)\Far\Addons\Colors\import_colors.bat
C:\Program Files (x86)\Far\Addons\Colors\Descript.ion
C:\Program Files (x86)\Far\Addons\Colors\Custom Highlighting\import_colors.bat
C:\Program Files (x86)\Far\Addons\Colors\Custom Highlighting\Descript.ion
C:\Program Files (x86)\Far\Addons\Colors\Custom Highlighting\black_from_Fonarev.reg
C:\Program Files (x86)\Far\Addons\Colors\Custom Highlighting\black_from_july.reg
C:\Program Files (x86)\Far\Addons\Colors\Custom Highlighting\black_from_Myodov.reg
C:\Program Files (x86)\Far\Addons\Colors\Custom Highlighting\Colors_from_admin_essp_ru.reg
C:\Program Files (x86)\Far\Addons\Colors\Custom Highlighting\Colors_from_Gernichenko.reg
C:\Program Files (x86)\Far\Addons\Colors\Custom Highlighting\Colors_from_Sadovoj.reg
C:\Program Files (x86)\Far\Addons\Colors\Custom Highlighting\dn_like.reg
C:\Program Files (x86)\Far\Addons\Colors\Custom Highlighting\FARColors242.reg
C:\Program Files (x86)\Far\Addons\Colors\Custom Highlighting\GreenMile.reg
C:\Program Files (x86)\Far\Addons\Colors\Custom Highlighting\hell.reg
C:\Program Files (x86)\Far\Addons\Colors\Custom Highlighting\nc5pal2.reg
C:\Program Files (x86)\Far\Addons\Colors\Custom Highlighting\Rodion_Doroshkevich.reg
C:\Program Files (x86)\Far\Addons\Colors\Custom Highlighting\VaxColors.reg
C:\Program Files (x86)\Far\Addons\Colors\Default Highlighting\import_colors.bat
C:\Program Files (x86)\Far\Addons\Colors\Default Highlighting\Descript.ion
C:\Program Files (x86)\Far\Addons\Colors\Default Highlighting\black_from_Fonarev.reg
C:\Program Files (x86)\Far\Addons\Colors\Default Highlighting\black_from_july.reg
C:\Program Files (x86)\Far\Addons\Colors\Default Highlighting\black_from_Myodov.reg
C:\Program Files (x86)\Far\Addons\Colors\Default Highlighting\Colors_from_admin_essp_ru.reg
C:\Program Files (x86)\Far\Addons\Colors\Default Highlighting\Colors_from_Gernichenko.reg
C:\Program Files (x86)\Far\Addons\Colors\Default Highlighting\Colors_from_Sadovoj.reg
C:\Program Files (x86)\Far\Addons\Colors\Default Highlighting\dn_like.reg
C:\Program Files (x86)\Far\Addons\Colors\Default Highlighting\FARColors242.reg
C:\Program Files (x86)\Far\Addons\Colors\Default Highlighting\GreenMile.reg
C:\Program Files (x86)\Far\Addons\Colors\Default Highlighting\hell.reg
C:\Program Files (x86)\Far\Addons\Colors\Default Highlighting\nc5pal2.reg
C:\Program Files (x86)\Far\Addons\Colors\Default Highlighting\Rodion_Doroshkevich.reg
C:\Program Files (x86)\Far\Addons\Colors\Default Highlighting\VaxColors.reg
C:\Program Files (x86)\Far\Addons\Macros\Descript.ion
C:\Program Files (x86)\Far\Addons\Macros\AltBS.reg
C:\Program Files (x86)\Far\Addons\Macros\AltDown.reg
C:\Program Files (x86)\Far\Addons\Macros\AltMenu.reg
C:\Program Files (x86)\Far\Addons\Macros\AltScreens.reg
C:\Program Files (x86)\Far\Addons\Macros\AltSearch.reg
C:\Program Files (x86)\Far\Addons\Macros\AltX.reg
C:\Program Files (x86)\Far\Addons\Macros\Apps.reg
C:\Program Files (x86)\Far\Addons\Macros\BS.reg
C:\Program Files (x86)\Far\Addons\Macros\CtrlDel.reg
C:\Program Files (x86)\Far\Addons\Macros\CtrlF10.reg
C:\Program Files (x86)\Far\Addons\Macros\CtrlIns...reg
C:\Program Files (x86)\Far\Addons\Macros\CtrlLeft.reg
C:\Program Files (x86)\Far\Addons\Macros\CtrlQ.reg
C:\Program Files (x86)\Far\Addons\Macros\CtrlRight.reg
C:\Program Files (x86)\Far\Addons\Macros\CtrlS.reg
C:\Program Files (x86)\Far\Addons\Macros\CtrlShiftBackSlash.reg
C:\Program Files (x86)\Far\Addons\Macros\CtrlShiftPgUpDn.reg
C:\Program Files (x86)\Far\Addons\Macros\CtrlUpDown.reg
C:\Program Files (x86)\Far\Addons\Macros\CtrlW.reg
C:\Program Files (x86)\Far\Addons\Macros\Del.reg
C:\Program Files (x86)\Far\Addons\Macros\Esc.reg
C:\Program Files (x86)\Far\Addons\Macros\F3.reg
C:\Program Files (x86)\Far\Addons\Macros\F9DeactivateMenu.reg
C:\Program Files (x86)\Far\Addons\Macros\F9Table.reg
C:\Program Files (x86)\Far\Addons\Macros\Lynx-mot.reg
C:\Program Files (x86)\Far\Addons\Macros\Numpad.reg
C:\Program Files (x86)\Far\Addons\Macros\Notepad.reg
C:\Program Files (x86)\Far\Addons\Macros\OpeningLastFile.reg
C:\Program Files (x86)\Far\Addons\Macros\ShiftBS.reg
C:\Program Files (x86)\Far\Addons\Macros\ShiftF1.reg
C:\Program Files (x86)\Far\Addons\Macros\ShiftInsSearch.reg
C:\Program Files (x86)\Far\Addons\Macros\ShiftTab.reg
C:\Program Files (x86)\Far\Addons\Macros\Space.reg
C:\Program Files (x86)\Far\Addons\Macros\SwitchMainLanguage.reg
C:\Program Files (x86)\Far\Addons\Macros\View.PgDn.reg
C:\Program Files (x86)\Far\Addons\Macros\View.Space.reg
C:\Program Files (x86)\Far\Addons\Macros\ViewerAddSubstract.reg
C:\Program Files (x86)\Far\Addons\Macros\WheelScreenSwitch.reg
C:\Program Files (x86)\Far\Addons\SetUp\Descript.ion
C:\Program Files (x86)\Far\Addons\SetUp\Default165.reg
C:\Program Files (x86)\Far\Addons\SetUp\Executor.4NT.reg
C:\Program Files (x86)\Far\Addons\SetUp\Executor.CMD.reg
C:\Program Files (x86)\Far\Addons\SetUp\Executor.COMMAND.reg
C:\Program Files (x86)\Far\Addons\SetUp\WindowsGUI.reg
C:\Program Files (x86)\Far\Addons\XLat\Descript.ion
C:\Program Files (x86)\Far\Addons\XLat\Russian\Descript.ion
C:\Program Files (x86)\Far\Addons\XLat\Russian\AltR.reg
C:\Program Files (x86)\Far\Addons\XLat\Russian\Apps.reg
C:\Program Files (x86)\Far\Addons\XLat\Russian\CtrlR.reg
C:\Program Files (x86)\Far\Addons\XLat\Russian\CtrlShiftX.reg
C:\Program Files (x86)\Far\Addons\XLat\Russian\Qwerty.reg
C:\Program Files (x86)\Far\Addons\Tables\Descript.ion
C:\Program Files (x86)\Far\Addons\Tables\README.TXT
C:\Program Files (x86)\Far\Addons\Tables\Central European\Descript.ion
C:\Program Files (x86)\Far\Addons\Tables\Central European\Czech - CP-895 (Kamenicti).reg
C:\Program Files (x86)\Far\Addons\Tables\Central European\Hungarian - CWI.reg
C:\Program Files (x86)\Far\Addons\Tables\Central European\ISO-8859-2 (Latin II).reg
C:\Program Files (x86)\Far\Addons\Tables\Central European\Polish - CP-896 (Mazovia).reg
C:\Program Files (x86)\Far\Addons\Tables\Central European\Windows-1250.reg
C:\Program Files (x86)\Far\Addons\Tables\Cyrillic\Descript.ion
C:\Program Files (x86)\Far\Addons\Tables\Cyrillic\Dist.Rus.reg
C:\Program Files (x86)\Far\Addons\Tables\Cyrillic\Dist.Ukr.reg
C:\Program Files (x86)\Far\Addons\Tables\Cyrillic\DKOI8 (Mainframe).reg
C:\Program Files (x86)\Far\Addons\Tables\Cyrillic\DM (Amiga).reg
C:\Program Files (x86)\Far\Addons\Tables\Cyrillic\ISO-8859-5.reg
C:\Program Files (x86)\Far\Addons\Tables\Cyrillic\KOI8-R.reg
C:\Program Files (x86)\Far\Addons\Tables\Cyrillic\KOI8-U.reg
C:\Program Files (x86)\Far\Addons\Tables\Cyrillic\Macintosh Standard.reg
C:\Program Files (x86)\Far\Addons\Tables\Cyrillic\RUSCII (GOST Ukrainian).reg
C:\Program Files (x86)\Far\Addons\Tables\Cyrillic\Windows-1251.reg
C:\Program Files (x86)\Far\Addons\Tables\Cyrillic\E-Mail Double Conversion\Descript.ion
C:\Program Files (x86)\Far\Addons\Tables\Cyrillic\E-Mail Double Conversion\Email DKWD.reg
C:\Program Files (x86)\Far\Addons\Tables\Cyrillic\E-Mail Double Conversion\Email DWKD.reg
C:\Program Files (x86)\Far\Addons\Tables\Cyrillic\E-Mail Double Conversion\Email KWKD.reg
C:\Program Files (x86)\Far\Addons\Tables\Cyrillic\E-Mail Double Conversion\Email WK.reg
C:\Program Files (x86)\Far\Addons\Tables\Cyrillic\E-Mail Double Conversion\Email WKWD.reg
C:\Program Files (x86)\Far\Addons\Tables\Cyrillic\E-Mail Double Conversion\readme.txt
C:\Program Files (x86)\Far\Addons\Tables\Hebrew\Descript.ion
C:\Program Files (x86)\Far\Addons\Tables\Hebrew\Windows-1255.reg
C:\Program Files (x86)\Far\Addons\Tables\Western European\Descript.ion
C:\Program Files (x86)\Far\Addons\Tables\Western European\Dist.Ger.reg
C:\Program Files (x86)\Far\Addons\Tables\Western European\ISO-8859-1 (Latin I).reg
C:\Program Files (x86)\Far\Addons\Tables\Western European\Macintosh Standard.reg
C:\Program Files (x86)\Far\Addons\Tables\Western European\Windows-1252.reg
C:\Program Files (x86)\Far\Addons\Shell\FARHere.inf
C:\Program Files (x86)\Far\Addons\Shell\Descript.ion
C:\Program Files (x86)\Far\Plugins\Descript.ion
C:\Program Files (x86)\Far\Plugins\Compare\Compare.dll
C:\Program Files (x86)\Far\Plugins\Compare\CmpEng.hlf
C:\Program Files (x86)\Far\Plugins\Compare\CmpRus.hlf
C:\Program Files (x86)\Far\Plugins\Compare\CompEng.lng
C:\Program Files (x86)\Far\Plugins\Compare\CompRus.lng
C:\Program Files (x86)\Far\Plugins\Editor\Descript.ion
C:\Program Files (x86)\Far\Plugins\Editor\Align\Align.dll
C:\Program Files (x86)\Far\Plugins\Editor\Align\AlignEng.lng
C:\Program Files (x86)\Far\Plugins\Editor\Align\AlignRus.lng
C:\Program Files (x86)\Far\Plugins\Editor\AutoWrap\AutoWrap.dll
C:\Program Files (x86)\Far\Plugins\Editor\AutoWrap\WrapEng.lng
C:\Program Files (x86)\Far\Plugins\Editor\AutoWrap\WrapRus.lng
C:\Program Files (x86)\Far\Plugins\Editor\Brackets\Brackets.dll
C:\Program Files (x86)\Far\Plugins\Editor\Brackets\BrackEng.hlf
C:\Program Files (x86)\Far\Plugins\Editor\Brackets\BrackRus.hlf
C:\Program Files (x86)\Far\Plugins\Editor\Brackets\BrackEng.lng
C:\Program Files (x86)\Far\Plugins\Editor\Brackets\BrackRus.lng
C:\Program Files (x86)\Far\Plugins\Editor\Brackets\BrackDel.reg
C:\Program Files (x86)\Far\Plugins\Editor\Brackets\BrackEng.reg
C:\Program Files (x86)\Far\Plugins\Editor\Brackets\BrackRus.reg
C:\Program Files (x86)\Far\Plugins\Editor\DrawLine\DrawLine.dll
C:\Program Files (x86)\Far\Plugins\Editor\DrawLine\DrawEng.hlf
C:\Program Files (x86)\Far\Plugins\Editor\DrawLine\DrawRus.hlf
C:\Program Files (x86)\Far\Plugins\Editor\DrawLine\DrawEng.lng
C:\Program Files (x86)\Far\Plugins\Editor\DrawLine\DrawRus.lng
C:\Program Files (x86)\Far\Plugins\Editor\EditCase\EditCase.dll
C:\Program Files (x86)\Far\Plugins\Editor\EditCase\ECaseEng.hlf
C:\Program Files (x86)\Far\Plugins\Editor\EditCase\ECaseRus.hlf
C:\Program Files (x86)\Far\Plugins\Editor\EditCase\ECaseEng.lng
C:\Program Files (x86)\Far\Plugins\Editor\EditCase\ECaseRus.lng
C:\Program Files (x86)\Far\Plugins\EMenu\EMenu.dll
C:\Program Files (x86)\Far\Plugins\EMenu\EMenuEng.hlf
C:\Program Files (x86)\Far\Plugins\EMenu\EMenuRus.hlf
C:\Program Files (x86)\Far\Plugins\EMenu\EMenuEng.lng
C:\Program Files (x86)\Far\Plugins\EMenu\EMenuRus.lng
C:\Program Files (x86)\Far\Plugins\EMenu\EMenuDel.reg
C:\Program Files (x86)\Far\Plugins\EMenu\Hotkey.reg
C:\Program Files (x86)\Far\Plugins\EMenu\Hotkey Clipboard.reg
C:\Program Files (x86)\Far\Plugins\EMenu\Hotkey Properties.reg
C:\Program Files (x86)\Far\Plugins\FARCmds\FARCmds.dll
C:\Program Files (x86)\Far\Plugins\FARCmds\FARCmdsEng.hlf
C:\Program Files (x86)\Far\Plugins\FARCmds\FARCmdsEng.lng
C:\Program Files (x86)\Far\Plugins\FARCmds\FARCmdsRus.hlf
C:\Program Files (x86)\Far\Plugins\FARCmds\FARCmdsRus.lng
C:\Program Files (x86)\Far\Plugins\FileCase\FileCase.dll
C:\Program Files (x86)\Far\Plugins\FileCase\CaseEng.hlf
C:\Program Files (x86)\Far\Plugins\FileCase\CaseEng.lng
C:\Program Files (x86)\Far\Plugins\FileCase\CaseRus.hlf
C:\Program Files (x86)\Far\Plugins\FileCase\CaseRus.lng
C:\Program Files (x86)\Far\Plugins\FTP\FarFtp.dll
C:\Program Files (x86)\Far\Plugins\FTP\FtpEng.hlf
C:\Program Files (x86)\Far\Plugins\FTP\FtpRus.hlf
C:\Program Files (x86)\Far\Plugins\FTP\FtpEng.lng
C:\Program Files (x86)\Far\Plugins\FTP\FtpRus.lng
C:\Program Files (x86)\Far\Plugins\FTP\TechInfo.reg
C:\Program Files (x86)\Far\Plugins\FTP\TechInfo_rus.reg
C:\Program Files (x86)\Far\Plugins\FTP\BugReport_rus.txt
C:\Program Files (x86)\Far\Plugins\FTP\dirlist_rus.txt
C:\Program Files (x86)\Far\Plugins\FTP\FtpCmds.txt
C:\Program Files (x86)\Far\Plugins\FTP\FtpCmds_rus.txt
C:\Program Files (x86)\Far\Plugins\FTP\Notes.txt
C:\Program Files (x86)\Far\Plugins\FTP\Notes_rus.txt
C:\Program Files (x86)\Far\Plugins\FTP\ReadMe_eng.txt
C:\Program Files (x86)\Far\Plugins\FTP\lib\ftpDirList.fll
C:\Program Files (x86)\Far\Plugins\FTP\lib\ftpProgress.fll
C:\Program Files (x86)\Far\Plugins\FTP\lib\Progress_FarCopy.reg
C:\Program Files (x86)\Far\Plugins\FTP\lib\Progress_JM.reg
C:\Program Files (x86)\Far\Plugins\FTP\lib\Progress_Wesha.reg
C:\Program Files (x86)\Far\Plugins\FTP\lib\Progress_ZeMA.reg
C:\Program Files (x86)\Far\Plugins\FTP\lib\ReadMe_eng.txt
C:\Program Files (x86)\Far\Plugins\HlfViewer\HlfViewer.dll
C:\Program Files (x86)\Far\Plugins\HlfViewer\HlfViewerEng.hlf
C:\Program Files (x86)\Far\Plugins\HlfViewer\HlfViewerRus.hlf
C:\Program Files (x86)\Far\Plugins\HlfViewer\HlfViewerEng.lng
C:\Program Files (x86)\Far\Plugins\HlfViewer\HlfViewerRus.lng
C:\Program Files (x86)\Far\Plugins\MultiArc\MULTIARC.DLL
C:\Program Files (x86)\Far\Plugins\MultiArc\ArcEng.hlf
C:\Program Files (x86)\Far\Plugins\MultiArc\ArcRus.hlf
C:\Program Files (x86)\Far\Plugins\MultiArc\ArcEng.lng
C:\Program Files (x86)\Far\Plugins\MultiArc\ArcRus.lng
C:\Program Files (x86)\Far\Plugins\MultiArc\Formats\Ace.fmt
C:\Program Files (x86)\Far\Plugins\MultiArc\Formats\Arc.fmt
C:\Program Files (x86)\Far\Plugins\MultiArc\Formats\Arj.fmt
C:\Program Files (x86)\Far\Plugins\MultiArc\Formats\Cab.fmt
C:\Program Files (x86)\Far\Plugins\MultiArc\Formats\Custom.fmt
C:\Program Files (x86)\Far\Plugins\MultiArc\Formats\Ha.fmt
C:\Program Files (x86)\Far\Plugins\MultiArc\Formats\Lzh.fmt
C:\Program Files (x86)\Far\Plugins\MultiArc\Formats\Rar.fmt
C:\Program Files (x86)\Far\Plugins\MultiArc\Formats\TarGz.fmt
C:\Program Files (x86)\Far\Plugins\MultiArc\Formats\Zip.fmt
C:\Program Files (x86)\Far\Plugins\MultiArc\Formats\Custom.ini
C:\Program Files (x86)\Far\Plugins\Network\Network.dll
C:\Program Files (x86)\Far\Plugins\Network\NetEng.hlf
C:\Program Files (x86)\Far\Plugins\Network\NetRus.hlf
C:\Program Files (x86)\Far\Plugins\Network\NetEng.lng
C:\Program Files (x86)\Far\Plugins\Network\NetRus.lng
C:\Program Files (x86)\Far\Plugins\PrintMan\PrintMan.dll
C:\Program Files (x86)\Far\Plugins\PrintMan\PrnManEn.hlf
C:\Program Files (x86)\Far\Plugins\PrintMan\PrnManRu.hlf
C:\Program Files (x86)\Far\Plugins\PrintMan\PrnManEn.lng
C:\Program Files (x86)\Far\Plugins\PrintMan\PrnManRu.lng
C:\Program Files (x86)\Far\Plugins\ProcList\Proclist.dll
C:\Program Files (x86)\Far\Plugins\ProcList\ProcEng.hlf
C:\Program Files (x86)\Far\Plugins\ProcList\ProcRus.hlf
C:\Program Files (x86)\Far\Plugins\ProcList\ProcEng.lng
C:\Program Files (x86)\Far\Plugins\ProcList\ProcRus.lng
C:\Program Files (x86)\Far\Plugins\TmpPanel\TmpPanel.dll
C:\Program Files (x86)\Far\Plugins\TmpPanel\TmpEng.hlf
C:\Program Files (x86)\Far\Plugins\TmpPanel\TmpRus.hlf
C:\Program Files (x86)\Far\Plugins\TmpPanel\TmpEng.lng
C:\Program Files (x86)\Far\Plugins\TmpPanel\TmpRus.lng
C:\Program Files (x86)\Far\Plugins\TmpPanel\shortcuts.eng.reg
C:\Program Files (x86)\Far\Plugins\TmpPanel\shortcuts.rus.reg
C:\Program Files (x86)\Far\Plugins\TmpPanel\disks.eng.temp
C:\Program Files (x86)\Far\Plugins\TmpPanel\disks.rus.temp
C:\Program Files (x86)\Far\Plugins\TmpPanel\shortcuts.rus.temp
C:\Program Files (x86)\Far\Plugins\TmpPanel\shortcuts.eng.temp
C:\users\definitly\AppData\Roaming\Microsoft\Windows\Start Menu\Programs\Far Manager\Far Manager.lnk
C:\users\definitly\AppData\Roaming\Microsoft\Windows\Start Menu\Programs\Far Manager\Uninstall.lnk
C:\users\definitly\Desktop\Far Manager.lnk
